<?xml version="1.0" encoding="UTF-8"?>
<!-- Generated by org.testng.reporters.JUnitReportReporter -->
<testsuite skipped="0" hostname="ImranKhan" name="Academy_E2EProject.HomePage" tests="3" failures="0" timestamp="18 May 2021 16:22:18 GMT" time="19.754" errors="0">
  <testcase name="basePageNavigation" time="6.250" classname="Academy_E2EProject.HomePage"/>
  <testcase name="basePageNavigation" time="8.018" classname="Academy_E2EProject.HomePage"/>
  <testcase name="basePageNavigation" time="5.486" classname="Academy_E2EProject.HomePage"/>
</testsuite> <!-- Academy_E2EProject.HomePage -->
