<?xml version="1.0" encoding="UTF-8"?>
<!-- Generated by org.testng.reporters.JUnitReportReporter -->
<testsuite skipped="0" hostname="ImranKhan" name="Academy_E2EProject.ValidateNavigationBar" tests="1" failures="0" timestamp="18 May 2021 16:22:18 GMT" time="0.127" errors="0">
  <testcase name="ValidateNavigationBar" time="0.127" classname="Academy_E2EProject.ValidateNavigationBar"/>
</testsuite> <!-- Academy_E2EProject.ValidateNavigationBar -->
